2025-09-23T13:01:27.746+07:00  INFO 17852 --- [eazystore] [restartedMain] c.e.eazystore.EazystoreApplication       : Starting EazystoreApplication using Java 21.0.8 with PID 17852 (D:\projects\eazystore\eazystore-backend\target\classes started by sonhai in D:\projects\eazystore)
2025-09-23T13:01:27.747+07:00  INFO 17852 --- [eazystore] [restartedMain] c.e.eazystore.EazystoreApplication       : No active profile set, falling back to 1 default profile: "default"
2025-09-23T13:01:28.044+07:00  INFO 17852 --- [eazystore] [restartedMain] .s.d.r.c.RepositoryConfigurationDelegate : Bootstrapping Spring Data JPA repositories in DEFAULT mode.
2025-09-23T13:01:28.055+07:00  INFO 17852 --- [eazystore] [restartedMain] .s.d.r.c.RepositoryConfigurationDelegate : Finished Spring Data repository scanning in 9 ms. Found 2 JPA repository interfaces.
2025-09-23T13:01:28.149+07:00  INFO 17852 --- [eazystore] [restartedMain] o.s.b.w.embedded.tomcat.TomcatWebServer  : Tomcat initialized with port 8386 (http)
2025-09-23T13:01:28.151+07:00  INFO 17852 --- [eazystore] [restartedMain] o.apache.catalina.core.StandardService   : Starting service [Tomcat]
2025-09-23T13:01:28.151+07:00  INFO 17852 --- [eazystore] [restartedMain] o.apache.catalina.core.StandardEngine    : Starting Servlet engine: [Apache Tomcat/10.1.44]
2025-09-23T13:01:28.188+07:00  INFO 17852 --- [eazystore] [restartedMain] o.a.c.c.C.[Tomcat].[localhost].[/]       : Initializing Spring embedded WebApplicationContext
2025-09-23T13:01:28.188+07:00  INFO 17852 --- [eazystore] [restartedMain] w.s.c.ServletWebServerApplicationContext : Root WebApplicationContext: initialization completed in 439 ms
2025-09-23T13:01:28.263+07:00  INFO 17852 --- [eazystore] [restartedMain] com.zaxxer.hikari.HikariDataSource       : HikariPool-10 - Starting...
2025-09-23T13:01:28.297+07:00  INFO 17852 --- [eazystore] [restartedMain] com.zaxxer.hikari.pool.HikariPool        : HikariPool-10 - Added connection com.mysql.cj.jdbc.ConnectionImpl@7c50269
2025-09-23T13:01:28.297+07:00  INFO 17852 --- [eazystore] [restartedMain] com.zaxxer.hikari.HikariDataSource       : HikariPool-10 - Start completed.
2025-09-23T13:01:28.298+07:00  INFO 17852 --- [eazystore] [restartedMain] o.hibernate.jpa.internal.util.LogHelper  : HHH000204: Processing PersistenceUnitInfo [name: default]
2025-09-23T13:01:28.301+07:00  INFO 17852 --- [eazystore] [restartedMain] o.h.c.internal.RegionFactoryInitiator    : HHH000026: Second-level cache disabled
2025-09-23T13:01:28.314+07:00  INFO 17852 --- [eazystore] [restartedMain] o.s.o.j.p.SpringPersistenceUnitInfo      : No LoadTimeWeaver setup: ignoring JPA class transformer
2025-09-23T13:01:28.318+07:00  INFO 17852 --- [eazystore] [restartedMain] org.hibernate.orm.connections.pooling    : HHH10001005: Database info:
	Database JDBC URL [Connecting through datasource 'HikariDataSource (HikariPool-10)']
	Database driver: undefined/unknown
	Database version: 8.0.43
	Autocommit mode: undefined/unknown
	Isolation level: undefined/unknown
	Minimum pool size: undefined/unknown
	Maximum pool size: undefined/unknown
2025-09-23T13:01:28.390+07:00  INFO 17852 --- [eazystore] [restartedMain] o.h.e.t.j.p.i.JtaPlatformInitiator       : HHH000489: No JTA platform available (set 'hibernate.transaction.jta.platform' to enable JTA platform integration)
2025-09-23T13:01:28.391+07:00  INFO 17852 --- [eazystore] [restartedMain] j.LocalContainerEntityManagerFactoryBean : Initialized JPA EntityManagerFactory for persistence unit 'default'
2025-09-23T13:01:28.519+07:00  WARN 17852 --- [eazystore] [restartedMain] JpaBaseConfiguration$JpaWebConfiguration : spring.jpa.open-in-view is enabled by default. Therefore, database queries may be performed during view rendering. Explicitly configure spring.jpa.open-in-view to disable this warning
2025-09-23T13:01:28.766+07:00  INFO 17852 --- [eazystore] [restartedMain] o.s.b.d.a.OptionalLiveReloadServer       : LiveReload server is running on port 35729
2025-09-23T13:01:28.770+07:00  INFO 17852 --- [eazystore] [restartedMain] o.s.b.a.e.web.EndpointLinksResolver      : Exposing 14 endpoints beneath base path '/eazystore/actuator'
2025-09-23T13:01:28.795+07:00  INFO 17852 --- [eazystore] [restartedMain] o.s.b.w.embedded.tomcat.TomcatWebServer  : Tomcat started on port 8386 (http) with context path '/'
2025-09-23T13:01:28.806+07:00  INFO 17852 --- [eazystore] [restartedMain] c.e.eazystore.EazystoreApplication       : Started EazystoreApplication in 1.082 seconds (process running for 1159.363)
2025-09-23T13:01:28.810+07:00  INFO 17852 --- [eazystore] [restartedMain] .ConditionEvaluationDeltaLoggingListener : Condition evaluation unchanged
2025-09-23T13:05:02.750+07:00  INFO 17852 --- [eazystore] [File Watcher] rtingClassPathChangeChangedEventListener : Restarting due to 1 class path change (0 additions, 0 deletions, 1 modification)
2025-09-23T13:05:02.753+07:00  INFO 17852 --- [eazystore] [Thread-39] o.s.b.w.e.tomcat.GracefulShutdown        : Commencing graceful shutdown. Waiting for active requests to complete
2025-09-23T13:05:02.759+07:00  INFO 17852 --- [eazystore] [tomcat-shutdown] o.s.b.w.e.tomcat.GracefulShutdown        : Graceful shutdown complete
2025-09-23T13:05:02.762+07:00  INFO 17852 --- [eazystore] [Thread-39] j.LocalContainerEntityManagerFactoryBean : Closing JPA EntityManagerFactory for persistence unit 'default'
2025-09-23T13:05:02.764+07:00  INFO 17852 --- [eazystore] [Thread-39] com.zaxxer.hikari.HikariDataSource       : HikariPool-10 - Shutdown initiated...
2025-09-23T13:05:02.771+07:00  INFO 17852 --- [eazystore] [Thread-39] com.zaxxer.hikari.HikariDataSource       : HikariPool-10 - Shutdown completed.
{"timestamp" : "2025-09-23 13:05:02", "level" : "INFO", "logger": "com.eazybytes.eazystore.EazystoreApplication", "message": "Starting EazystoreApplication using Java 21.0.8 with PID 17852 (D:\projects\eazystore\eazystore-backend\target\classes started by sonhai in D:\projects\eazystore)"}{"timestamp" : "2025-09-23 13:05:02", "level" : "INFO", "logger": "com.eazybytes.eazystore.EazystoreApplication", "message": "No active profile set, falling back to 1 default profile: "default""}{"timestamp" : "2025-09-23 13:05:03", "level" : "INFO", "logger": "org.springframework.data.repository.config.RepositoryConfigurationDelegate", "message": "Bootstrapping Spring Data JPA repositories in DEFAULT mode."}{"timestamp" : "2025-09-23 13:05:03", "level" : "INFO", "logger": "org.springframework.data.repository.config.RepositoryConfigurationDelegate", "message": "Finished Spring Data repository scanning in 10 ms. Found 2 JPA repository interfaces."}{"timestamp" : "2025-09-23 13:05:03", "level" : "INFO", "logger": "org.springframework.boot.web.embedded.tomcat.TomcatWebServer", "message": "Tomcat initialized with port 8386 (http)"}{"timestamp" : "2025-09-23 13:05:03", "level" : "INFO", "logger": "org.apache.catalina.core.StandardService", "message": "Starting service [Tomcat]"}{"timestamp" : "2025-09-23 13:05:03", "level" : "INFO", "logger": "org.apache.catalina.core.StandardEngine", "message": "Starting Servlet engine: [Apache Tomcat/10.1.44]"}{"timestamp" : "2025-09-23 13:05:03", "level" : "INFO", "logger": "org.apache.catalina.core.ContainerBase.[Tomcat].[localhost].[/]", "message": "Initializing Spring embedded WebApplicationContext"}{"timestamp" : "2025-09-23 13:05:03", "level" : "INFO", "logger": "org.springframework.boot.web.servlet.context.ServletWebServerApplicationContext", "message": "Root WebApplicationContext: initialization completed in 440 ms"}{"timestamp" : "2025-09-23 13:05:03", "level" : "INFO", "logger": "com.zaxxer.hikari.HikariDataSource", "message": "HikariPool-11 - Starting..."}{"timestamp" : "2025-09-23 13:05:03", "level" : "INFO", "logger": "com.zaxxer.hikari.pool.HikariPool", "message": "HikariPool-11 - Added connection com.mysql.cj.jdbc.ConnectionImpl@18c66361"}{"timestamp" : "2025-09-23 13:05:03", "level" : "INFO", "logger": "com.zaxxer.hikari.HikariDataSource", "message": "HikariPool-11 - Start completed."}{"timestamp" : "2025-09-23 13:05:03", "level" : "INFO", "logger": "org.hibernate.jpa.internal.util.LogHelper", "message": "HHH000204: Processing PersistenceUnitInfo [name: default]"}{"timestamp" : "2025-09-23 13:05:03", "level" : "INFO", "logger": "org.hibernate.cache.internal.RegionFactoryInitiator", "message": "HHH000026: Second-level cache disabled"}{"timestamp" : "2025-09-23 13:05:03", "level" : "INFO", "logger": "org.springframework.orm.jpa.persistenceunit.SpringPersistenceUnitInfo", "message": "No LoadTimeWeaver setup: ignoring JPA class transformer"}{"timestamp" : "2025-09-23 13:05:03", "level" : "INFO", "logger": "org.hibernate.orm.connections.pooling", "message": "HHH10001005: Database info:
	Database JDBC URL [Connecting through datasource 'HikariDataSource (HikariPool-11)']
	Database driver: undefined/unknown
	Database version: 8.0.43
	Autocommit mode: undefined/unknown
	Isolation level: undefined/unknown
	Minimum pool size: undefined/unknown
	Maximum pool size: undefined/unknown"}{"timestamp" : "2025-09-23 13:05:03", "level" : "INFO", "logger": "org.hibernate.engine.transaction.jta.platform.internal.JtaPlatformInitiator", "message": "HHH000489: No JTA platform available (set 'hibernate.transaction.jta.platform' to enable JTA platform integration)"}{"timestamp" : "2025-09-23 13:05:03", "level" : "INFO", "logger": "org.springframework.orm.jpa.LocalContainerEntityManagerFactoryBean", "message": "Initialized JPA EntityManagerFactory for persistence unit 'default'"}{"timestamp" : "2025-09-23 13:05:03", "level" : "WARN", "logger": "org.springframework.boot.autoconfigure.orm.jpa.JpaBaseConfiguration$JpaWebConfiguration", "message": "spring.jpa.open-in-view is enabled by default. Therefore, database queries may be performed during view rendering. Explicitly configure spring.jpa.open-in-view to disable this warning"}{"timestamp" : "2025-09-23 13:05:03", "level" : "INFO", "logger": "org.springframework.boot.devtools.autoconfigure.OptionalLiveReloadServer", "message": "LiveReload server is running on port 35729"}{"timestamp" : "2025-09-23 13:05:03", "level" : "INFO", "logger": "org.springframework.boot.actuate.endpoint.web.EndpointLinksResolver", "message": "Exposing 14 endpoints beneath base path '/eazystore/actuator'"}{"timestamp" : "2025-09-23 13:05:03", "level" : "INFO", "logger": "org.springframework.boot.web.embedded.tomcat.TomcatWebServer", "message": "Tomcat started on port 8386 (http) with context path '/'"}{"timestamp" : "2025-09-23 13:05:03", "level" : "INFO", "logger": "com.eazybytes.eazystore.EazystoreApplication", "message": "Started EazystoreApplication in 1.021 seconds (process running for 1374.428)"}{"timestamp" : "2025-09-23 13:05:03", "level" : "INFO", "logger": "org.springframework.boot.devtools.autoconfigure.ConditionEvaluationDeltaLoggingListener", "message": "Condition evaluation unchanged"}{"timestamp" : "2025-09-23 13:08:01", "level" : "INFO", "logger": "org.springframework.boot.devtools.autoconfigure.LocalDevToolsAutoConfiguration$RestartingClassPathChangeChangedEventListener", "message": "Restarting due to 1 class path change (0 additions, 0 deletions, 1 modification)"}{"timestamp" : "2025-09-23 13:08:01", "level" : "INFO", "logger": "org.springframework.boot.web.embedded.tomcat.GracefulShutdown", "message": "Commencing graceful shutdown. Waiting for active requests to complete"}{"timestamp" : "2025-09-23 13:08:01", "level" : "INFO", "logger": "org.springframework.boot.web.embedded.tomcat.GracefulShutdown", "message": "Graceful shutdown complete"}{"timestamp" : "2025-09-23 13:08:01", "level" : "INFO", "logger": "org.springframework.orm.jpa.LocalContainerEntityManagerFactoryBean", "message": "Closing JPA EntityManagerFactory for persistence unit 'default'"}{"timestamp" : "2025-09-23 13:08:01", "level" : "INFO", "logger": "com.zaxxer.hikari.HikariDataSource", "message": "HikariPool-11 - Shutdown initiated..."}{"timestamp" : "2025-09-23 13:08:01", "level" : "INFO", "logger": "com.zaxxer.hikari.HikariDataSource", "message": "HikariPool-11 - Shutdown completed."}